<?xml version="1.0" encoding="UTF-8"?>
<testsuite xmlns:xsi="http://www.w3.org/2001/XMLSchema-instance" xsi:noNamespaceSchemaLocation="https://maven.apache.org/surefire/maven-surefire-plugin/xsd/surefire-test-report-3.0.xsd" version="3.0" name="SauceDemo Application" time="17.109" tests="3" errors="0" skipped="0" failures="0">
  <properties>
[...]
</properties>
  <testcase name="Test to validate Login functionality of -saucedemo.com-" classname="SauceDemo Application" time="9.883">
    <system-out><![CDATA[
@Login
Scenario: Test to validate Login functionality of -saucedemo.com-                     # Features/saucedemo.feature:4
  Given Open chrome and navigate to Login page                                        # com.cucumber.test.SauceTest.open_chrome_and_navigate_to_login_page()
  When Valid username and passed is entered                                           # com.cucumber.test.SauceTest.valid_username_and_passed_is_entered()
  Then User should be logged in successfully and verify url contains "inventory.html" # com.cucumber.test.SauceTest.user_should_be_logged_in_successfully_and_verify_url_contains(java.lang.String)
]]></system-out>
    <system-err><![CDATA[Starting ChromeDriver 91.0.4472.101 (af52a90bf87030dd1523486a1cd3ae25c5d76c9b-refs/branch-heads/4472@{#1462}) on port 15160
Only local connections are allowed.
Please see https://chromedriver.chromium.org/security-considerations for suggestions on keeping ChromeDriver safe.
ChromeDriver was started successfully.
]]></system-err>
  </testcase>
  <testcase name="Test to validate Add cart functionality" classname="SauceDemo Application" time="4.737">
    <system-out><![CDATA[
@AddCart
Scenario: Test to validate Add cart functionality                                                        # Features/saucedemo.feature:10
  When select filter "Price (low to high)" Click on "ADD TO CART" button.                                # com.cucumber.test.SauceTest.select_filter_click_on_button(java.lang.String,java.lang.String)
  Then Under "YOUR CART" order should get entered and "ADD TO CART" button should get change to "REMOVE" # com.cucumber.test.SauceTest.under_order_should_get_entered_and_button_should_get_change_to(java.lang.String,java.lang.String,java.lang.String)
]]></system-out>
  </testcase>
  <testcase name="Test to validate Remove cart functionality" classname="SauceDemo Application" time="2.489">
    <system-out><![CDATA[
@RemoveCart
Scenario: Test to validate Remove cart functionality                                                     # Features/saucedemo.feature:15
  When Click on "REMOVE" button.                                                                         # com.cucumber.test.SauceTest.click_on_button(java.lang.String)
  Then Under "YOUR CART" order should get removed and "REMOVE" button should get change to "ADD TO CART" # com.cucumber.test.SauceTest.under_order_should_get_removed_and_button_should_get_change_to(java.lang.String,java.lang.String,java.lang.String)
]]></system-out>
  </testcase>
</testsuite>